<?xml version="1.0" encoding="UTF-8"?>
<testsuite xmlns:xsi="http://www.w3.org/2001/XMLSchema-instance" xsi:noNamespaceSchemaLocation="https://maven.apache.org/surefire/maven-surefire-plugin/xsd/surefire-test-report.xsd" name="TestSuite" time="1.122" tests="19" errors="0" skipped="18" failures="1">
  <properties>
    <property name="java.specification.version" value="22"/>
    <property name="sun.cpu.isalist" value="amd64"/>
    <property name="sun.jnu.encoding" value="Cp1252"/>
    <property name="java.class.path" value="C:\CodeCraft Code\appiumDemoFramework\target\test-classes;C:\CodeCraft Code\appiumDemoFramework\target\classes;C:\Users\Ritesh Kumar Singh\.m2\repository\org\seleniumhq\selenium\selenium-java\4.34.0\selenium-java-4.34.0.jar;C:\Users\Ritesh Kumar Singh\.m2\repository\org\seleniumhq\selenium\selenium-api\4.34.0\selenium-api-4.34.0.jar;C:\Users\Ritesh Kumar Singh\.m2\repository\org\seleniumhq\selenium\selenium-chrome-driver\4.34.0\selenium-chrome-driver-4.34.0.jar;C:\Users\Ritesh Kumar Singh\.m2\repository\com\google\auto\service\auto-service-annotations\1.1.1\auto-service-annotations-1.1.1.jar;C:\Users\Ritesh Kumar Singh\.m2\repository\org\seleniumhq\selenium\selenium-chromium-driver\4.34.0\selenium-chromium-driver-4.34.0.jar;C:\Users\Ritesh Kumar Singh\.m2\repository\org\seleniumhq\selenium\selenium-json\4.34.0\selenium-json-4.34.0.jar;C:\Users\Ritesh Kumar Singh\.m2\repository\org\seleniumhq\selenium\selenium-manager\4.34.0\selenium-manager-4.34.0.jar;C:\Users\Ritesh Kumar Singh\.m2\repository\org\seleniumhq\selenium\selenium-devtools-v136\4.34.0\selenium-devtools-v136-4.34.0.jar;C:\Users\Ritesh Kumar Singh\.m2\repository\org\seleniumhq\selenium\selenium-devtools-v137\4.34.0\selenium-devtools-v137-4.34.0.jar;C:\Users\Ritesh Kumar Singh\.m2\repository\org\seleniumhq\selenium\selenium-devtools-v138\4.34.0\selenium-devtools-v138-4.34.0.jar;C:\Users\Ritesh Kumar Singh\.m2\repository\org\seleniumhq\selenium\selenium-edge-driver\4.34.0\selenium-edge-driver-4.34.0.jar;C:\Users\Ritesh Kumar Singh\.m2\repository\org\seleniumhq\selenium\selenium-firefox-driver\4.34.0\selenium-firefox-driver-4.34.0.jar;C:\Users\Ritesh Kumar Singh\.m2\repository\org\seleniumhq\selenium\selenium-http\4.34.0\selenium-http-4.34.0.jar;C:\Users\Ritesh Kumar Singh\.m2\repository\org\seleniumhq\selenium\selenium-ie-driver\4.34.0\selenium-ie-driver-4.34.0.jar;C:\Users\Ritesh Kumar Singh\.m2\repository\org\seleniumhq\selenium\selenium-remote-driver\4.34.0\selenium-remote-driver-4.34.0.jar;C:\Users\Ritesh Kumar Singh\.m2\repository\com\google\guava\guava\33.4.8-jre\guava-33.4.8-jre.jar;C:\Users\Ritesh Kumar Singh\.m2\repository\com\google\guava\failureaccess\1.0.3\failureaccess-1.0.3.jar;C:\Users\Ritesh Kumar Singh\.m2\repository\com\google\guava\listenablefuture\9999.0-empty-to-avoid-conflict-with-guava\listenablefuture-9999.0-empty-to-avoid-conflict-with-guava.jar;C:\Users\Ritesh Kumar Singh\.m2\repository\com\google\j2objc\j2objc-annotations\3.0.0\j2objc-annotations-3.0.0.jar;C:\Users\Ritesh Kumar Singh\.m2\repository\io\opentelemetry\opentelemetry-api\1.51.0\opentelemetry-api-1.51.0.jar;C:\Users\Ritesh Kumar Singh\.m2\repository\io\opentelemetry\opentelemetry-context\1.51.0\opentelemetry-context-1.51.0.jar;C:\Users\Ritesh Kumar Singh\.m2\repository\io\opentelemetry\opentelemetry-exporter-logging\1.51.0\opentelemetry-exporter-logging-1.51.0.jar;C:\Users\Ritesh Kumar Singh\.m2\repository\io\opentelemetry\opentelemetry-sdk-common\1.51.0\opentelemetry-sdk-common-1.51.0.jar;C:\Users\Ritesh Kumar Singh\.m2\repository\io\opentelemetry\opentelemetry-sdk-extension-autoconfigure-spi\1.51.0\opentelemetry-sdk-extension-autoconfigure-spi-1.51.0.jar;C:\Users\Ritesh Kumar Singh\.m2\repository\io\opentelemetry\opentelemetry-sdk-extension-autoconfigure\1.51.0\opentelemetry-sdk-extension-autoconfigure-1.51.0.jar;C:\Users\Ritesh Kumar Singh\.m2\repository\io\opentelemetry\opentelemetry-sdk-trace\1.51.0\opentelemetry-sdk-trace-1.51.0.jar;C:\Users\Ritesh Kumar Singh\.m2\repository\io\opentelemetry\opentelemetry-sdk\1.51.0\opentelemetry-sdk-1.51.0.jar;C:\Users\Ritesh Kumar Singh\.m2\repository\io\opentelemetry\opentelemetry-sdk-metrics\1.51.0\opentelemetry-sdk-metrics-1.51.0.jar;C:\Users\Ritesh Kumar Singh\.m2\repository\io\opentelemetry\opentelemetry-sdk-logs\1.51.0\opentelemetry-sdk-logs-1.51.0.jar;C:\Users\Ritesh Kumar Singh\.m2\repository\org\seleniumhq\selenium\selenium-os\4.34.0\selenium-os-4.34.0.jar;C:\Users\Ritesh Kumar Singh\.m2\repository\org\apache\commons\commons-exec\1.5.0\commons-exec-1.5.0.jar;C:\Users\Ritesh Kumar Singh\.m2\repository\org\seleniumhq\selenium\selenium-safari-driver\4.34.0\selenium-safari-driver-4.34.0.jar;C:\Users\Ritesh Kumar Singh\.m2\repository\org\seleniumhq\selenium\selenium-support\4.34.0\selenium-support-4.34.0.jar;C:\Users\Ritesh Kumar Singh\.m2\repository\io\appium\java-client\9.5.0\java-client-9.5.0.jar;C:\Users\Ritesh Kumar Singh\.m2\repository\com\google\code\gson\gson\2.13.1\gson-2.13.1.jar;C:\Users\Ritesh Kumar Singh\.m2\repository\com\google\errorprone\error_prone_annotations\2.38.0\error_prone_annotations-2.38.0.jar;C:\Users\Ritesh Kumar Singh\.m2\repository\org\slf4j\slf4j-api\2.0.17\slf4j-api-2.0.17.jar;C:\Users\Ritesh Kumar Singh\.m2\repository\org\jspecify\jspecify\1.0.0\jspecify-1.0.0.jar;C:\Users\Ritesh Kumar Singh\.m2\repository\io\qameta\allure\allure-testng\2.24.0\allure-testng-2.24.0.jar;C:\Users\Ritesh Kumar Singh\.m2\repository\io\qameta\allure\allure-java-commons\2.24.0\allure-java-commons-2.24.0.jar;C:\Users\Ritesh Kumar Singh\.m2\repository\io\qameta\allure\allure-model\2.24.0\allure-model-2.24.0.jar;C:\Users\Ritesh Kumar Singh\.m2\repository\io\qameta\allure\allure-test-filter\2.24.0\allure-test-filter-2.24.0.jar;C:\Users\Ritesh Kumar Singh\.m2\repository\org\testng\testng\7.11.0\testng-7.11.0.jar;C:\Users\Ritesh Kumar Singh\.m2\repository\org\jcommander\jcommander\1.83\jcommander-1.83.jar;C:\Users\Ritesh Kumar Singh\.m2\repository\org\webjars\jquery\3.7.1\jquery-3.7.1.jar;C:\Users\Ritesh Kumar Singh\.m2\repository\org\apache\poi\poi-ooxml\5.4.1\poi-ooxml-5.4.1.jar;C:\Users\Ritesh Kumar Singh\.m2\repository\org\apache\poi\poi\5.4.1\poi-5.4.1.jar;C:\Users\Ritesh Kumar Singh\.m2\repository\commons-codec\commons-codec\1.18.0\commons-codec-1.18.0.jar;C:\Users\Ritesh Kumar Singh\.m2\repository\org\apache\commons\commons-math3\3.6.1\commons-math3-3.6.1.jar;C:\Users\Ritesh Kumar Singh\.m2\repository\com\zaxxer\SparseBitSet\1.3\SparseBitSet-1.3.jar;C:\Users\Ritesh Kumar Singh\.m2\repository\org\apache\poi\poi-ooxml-lite\5.4.1\poi-ooxml-lite-5.4.1.jar;C:\Users\Ritesh Kumar Singh\.m2\repository\org\apache\xmlbeans\xmlbeans\5.3.0\xmlbeans-5.3.0.jar;C:\Users\Ritesh Kumar Singh\.m2\repository\org\apache\commons\commons-compress\1.27.1\commons-compress-1.27.1.jar;C:\Users\Ritesh Kumar Singh\.m2\repository\org\apache\commons\commons-lang3\3.16.0\commons-lang3-3.16.0.jar;C:\Users\Ritesh Kumar Singh\.m2\repository\com\github\virtuald\curvesapi\1.08\curvesapi-1.08.jar;C:\Users\Ritesh Kumar Singh\.m2\repository\org\apache\commons\commons-collections4\4.4\commons-collections4-4.4.jar;C:\Users\Ritesh Kumar Singh\.m2\repository\com\aventstack\extentreports\5.0.9\extentreports-5.0.9.jar;C:\Users\Ritesh Kumar Singh\.m2\repository\io\reactivex\rxjava3\rxjava\3.0.4\rxjava-3.0.4.jar;C:\Users\Ritesh Kumar Singh\.m2\repository\org\reactivestreams\reactive-streams\1.0.3\reactive-streams-1.0.3.jar;C:\Users\Ritesh Kumar Singh\.m2\repository\org\freemarker\freemarker\2.3.30\freemarker-2.3.30.jar;C:\Users\Ritesh Kumar Singh\.m2\repository\commons-io\commons-io\2.15.1\commons-io-2.15.1.jar;C:\Users\Ritesh Kumar Singh\.m2\repository\org\projectlombok\lombok\1.18.30\lombok-1.18.30.jar;C:\Users\Ritesh Kumar Singh\.m2\repository\org\apache\logging\log4j\log4j-core\2.25.1\log4j-core-2.25.1.jar;C:\Users\Ritesh Kumar Singh\.m2\repository\org\apache\logging\log4j\log4j-api\2.25.1\log4j-api-2.25.1.jar;C:\Users\Ritesh Kumar Singh\.m2\repository\com\fasterxml\jackson\core\jackson-databind\2.17.0\jackson-databind-2.17.0.jar;C:\Users\Ritesh Kumar Singh\.m2\repository\com\fasterxml\jackson\core\jackson-annotations\2.17.0\jackson-annotations-2.17.0.jar;C:\Users\Ritesh Kumar Singh\.m2\repository\com\fasterxml\jackson\core\jackson-core\2.17.0\jackson-core-2.17.0.jar;C:\Users\Ritesh Kumar Singh\.m2\repository\net\bytebuddy\byte-buddy\1.14.9\byte-buddy-1.14.9.jar;C:\Users\Ritesh Kumar Singh\.m2\repository\log4j\log4j\1.2.17\log4j-1.2.17.jar;"/>
    <property name="java.vm.vendor" value="Oracle Corporation"/>
    <property name="sun.arch.data.model" value="64"/>
    <property name="user.variant" value=""/>
    <property name="java.vendor.url" value="https://java.oracle.com/"/>
    <property name="user.timezone" value="Asia/Calcutta"/>
    <property name="os.name" value="Windows 11"/>
    <property name="java.vm.specification.version" value="22"/>
    <property name="sun.java.launcher" value="SUN_STANDARD"/>
    <property name="user.country" value="IN"/>
    <property name="sun.boot.library.path" value="C:\Program Files\Java\jdk-22\bin"/>
    <property name="sun.java.command" value="C:\Users\RITESH~1\AppData\Local\Temp\surefire8945450958484388982\surefirebooter2059959629494910175.jar C:\Users\Ritesh Kumar Singh\AppData\Local\Temp\surefire8945450958484388982 2025-08-20T12-56-19_940-jvmRun1 surefire4653623148325641322tmp surefire_08621297268277115931tmp"/>
    <property name="jdk.debug" value="release"/>
    <property name="surefire.test.class.path" value="C:\CodeCraft Code\appiumDemoFramework\target\test-classes;C:\CodeCraft Code\appiumDemoFramework\target\classes;C:\Users\Ritesh Kumar Singh\.m2\repository\org\seleniumhq\selenium\selenium-java\4.34.0\selenium-java-4.34.0.jar;C:\Users\Ritesh Kumar Singh\.m2\repository\org\seleniumhq\selenium\selenium-api\4.34.0\selenium-api-4.34.0.jar;C:\Users\Ritesh Kumar Singh\.m2\repository\org\seleniumhq\selenium\selenium-chrome-driver\4.34.0\selenium-chrome-driver-4.34.0.jar;C:\Users\Ritesh Kumar Singh\.m2\repository\com\google\auto\service\auto-service-annotations\1.1.1\auto-service-annotations-1.1.1.jar;C:\Users\Ritesh Kumar Singh\.m2\repository\org\seleniumhq\selenium\selenium-chromium-driver\4.34.0\selenium-chromium-driver-4.34.0.jar;C:\Users\Ritesh Kumar Singh\.m2\repository\org\seleniumhq\selenium\selenium-json\4.34.0\selenium-json-4.34.0.jar;C:\Users\Ritesh Kumar Singh\.m2\repository\org\seleniumhq\selenium\selenium-manager\4.34.0\selenium-manager-4.34.0.jar;C:\Users\Ritesh Kumar Singh\.m2\repository\org\seleniumhq\selenium\selenium-devtools-v136\4.34.0\selenium-devtools-v136-4.34.0.jar;C:\Users\Ritesh Kumar Singh\.m2\repository\org\seleniumhq\selenium\selenium-devtools-v137\4.34.0\selenium-devtools-v137-4.34.0.jar;C:\Users\Ritesh Kumar Singh\.m2\repository\org\seleniumhq\selenium\selenium-devtools-v138\4.34.0\selenium-devtools-v138-4.34.0.jar;C:\Users\Ritesh Kumar Singh\.m2\repository\org\seleniumhq\selenium\selenium-edge-driver\4.34.0\selenium-edge-driver-4.34.0.jar;C:\Users\Ritesh Kumar Singh\.m2\repository\org\seleniumhq\selenium\selenium-firefox-driver\4.34.0\selenium-firefox-driver-4.34.0.jar;C:\Users\Ritesh Kumar Singh\.m2\repository\org\seleniumhq\selenium\selenium-http\4.34.0\selenium-http-4.34.0.jar;C:\Users\Ritesh Kumar Singh\.m2\repository\org\seleniumhq\selenium\selenium-ie-driver\4.34.0\selenium-ie-driver-4.34.0.jar;C:\Users\Ritesh Kumar Singh\.m2\repository\org\seleniumhq\selenium\selenium-remote-driver\4.34.0\selenium-remote-driver-4.34.0.jar;C:\Users\Ritesh Kumar Singh\.m2\repository\com\google\guava\guava\33.4.8-jre\guava-33.4.8-jre.jar;C:\Users\Ritesh Kumar Singh\.m2\repository\com\google\guava\failureaccess\1.0.3\failureaccess-1.0.3.jar;C:\Users\Ritesh Kumar Singh\.m2\repository\com\google\guava\listenablefuture\9999.0-empty-to-avoid-conflict-with-guava\listenablefuture-9999.0-empty-to-avoid-conflict-with-guava.jar;C:\Users\Ritesh Kumar Singh\.m2\repository\com\google\j2objc\j2objc-annotations\3.0.0\j2objc-annotations-3.0.0.jar;C:\Users\Ritesh Kumar Singh\.m2\repository\io\opentelemetry\opentelemetry-api\1.51.0\opentelemetry-api-1.51.0.jar;C:\Users\Ritesh Kumar Singh\.m2\repository\io\opentelemetry\opentelemetry-context\1.51.0\opentelemetry-context-1.51.0.jar;C:\Users\Ritesh Kumar Singh\.m2\repository\io\opentelemetry\opentelemetry-exporter-logging\1.51.0\opentelemetry-exporter-logging-1.51.0.jar;C:\Users\Ritesh Kumar Singh\.m2\repository\io\opentelemetry\opentelemetry-sdk-common\1.51.0\opentelemetry-sdk-common-1.51.0.jar;C:\Users\Ritesh Kumar Singh\.m2\repository\io\opentelemetry\opentelemetry-sdk-extension-autoconfigure-spi\1.51.0\opentelemetry-sdk-extension-autoconfigure-spi-1.51.0.jar;C:\Users\Ritesh Kumar Singh\.m2\repository\io\opentelemetry\opentelemetry-sdk-extension-autoconfigure\1.51.0\opentelemetry-sdk-extension-autoconfigure-1.51.0.jar;C:\Users\Ritesh Kumar Singh\.m2\repository\io\opentelemetry\opentelemetry-sdk-trace\1.51.0\opentelemetry-sdk-trace-1.51.0.jar;C:\Users\Ritesh Kumar Singh\.m2\repository\io\opentelemetry\opentelemetry-sdk\1.51.0\opentelemetry-sdk-1.51.0.jar;C:\Users\Ritesh Kumar Singh\.m2\repository\io\opentelemetry\opentelemetry-sdk-metrics\1.51.0\opentelemetry-sdk-metrics-1.51.0.jar;C:\Users\Ritesh Kumar Singh\.m2\repository\io\opentelemetry\opentelemetry-sdk-logs\1.51.0\opentelemetry-sdk-logs-1.51.0.jar;C:\Users\Ritesh Kumar Singh\.m2\repository\org\seleniumhq\selenium\selenium-os\4.34.0\selenium-os-4.34.0.jar;C:\Users\Ritesh Kumar Singh\.m2\repository\org\apache\commons\commons-exec\1.5.0\commons-exec-1.5.0.jar;C:\Users\Ritesh Kumar Singh\.m2\repository\org\seleniumhq\selenium\selenium-safari-driver\4.34.0\selenium-safari-driver-4.34.0.jar;C:\Users\Ritesh Kumar Singh\.m2\repository\org\seleniumhq\selenium\selenium-support\4.34.0\selenium-support-4.34.0.jar;C:\Users\Ritesh Kumar Singh\.m2\repository\io\appium\java-client\9.5.0\java-client-9.5.0.jar;C:\Users\Ritesh Kumar Singh\.m2\repository\com\google\code\gson\gson\2.13.1\gson-2.13.1.jar;C:\Users\Ritesh Kumar Singh\.m2\repository\com\google\errorprone\error_prone_annotations\2.38.0\error_prone_annotations-2.38.0.jar;C:\Users\Ritesh Kumar Singh\.m2\repository\org\slf4j\slf4j-api\2.0.17\slf4j-api-2.0.17.jar;C:\Users\Ritesh Kumar Singh\.m2\repository\org\jspecify\jspecify\1.0.0\jspecify-1.0.0.jar;C:\Users\Ritesh Kumar Singh\.m2\repository\io\qameta\allure\allure-testng\2.24.0\allure-testng-2.24.0.jar;C:\Users\Ritesh Kumar Singh\.m2\repository\io\qameta\allure\allure-java-commons\2.24.0\allure-java-commons-2.24.0.jar;C:\Users\Ritesh Kumar Singh\.m2\repository\io\qameta\allure\allure-model\2.24.0\allure-model-2.24.0.jar;C:\Users\Ritesh Kumar Singh\.m2\repository\io\qameta\allure\allure-test-filter\2.24.0\allure-test-filter-2.24.0.jar;C:\Users\Ritesh Kumar Singh\.m2\repository\org\testng\testng\7.11.0\testng-7.11.0.jar;C:\Users\Ritesh Kumar Singh\.m2\repository\org\jcommander\jcommander\1.83\jcommander-1.83.jar;C:\Users\Ritesh Kumar Singh\.m2\repository\org\webjars\jquery\3.7.1\jquery-3.7.1.jar;C:\Users\Ritesh Kumar Singh\.m2\repository\org\apache\poi\poi-ooxml\5.4.1\poi-ooxml-5.4.1.jar;C:\Users\Ritesh Kumar Singh\.m2\repository\org\apache\poi\poi\5.4.1\poi-5.4.1.jar;C:\Users\Ritesh Kumar Singh\.m2\repository\commons-codec\commons-codec\1.18.0\commons-codec-1.18.0.jar;C:\Users\Ritesh Kumar Singh\.m2\repository\org\apache\commons\commons-math3\3.6.1\commons-math3-3.6.1.jar;C:\Users\Ritesh Kumar Singh\.m2\repository\com\zaxxer\SparseBitSet\1.3\SparseBitSet-1.3.jar;C:\Users\Ritesh Kumar Singh\.m2\repository\org\apache\poi\poi-ooxml-lite\5.4.1\poi-ooxml-lite-5.4.1.jar;C:\Users\Ritesh Kumar Singh\.m2\repository\org\apache\xmlbeans\xmlbeans\5.3.0\xmlbeans-5.3.0.jar;C:\Users\Ritesh Kumar Singh\.m2\repository\org\apache\commons\commons-compress\1.27.1\commons-compress-1.27.1.jar;C:\Users\Ritesh Kumar Singh\.m2\repository\org\apache\commons\commons-lang3\3.16.0\commons-lang3-3.16.0.jar;C:\Users\Ritesh Kumar Singh\.m2\repository\com\github\virtuald\curvesapi\1.08\curvesapi-1.08.jar;C:\Users\Ritesh Kumar Singh\.m2\repository\org\apache\commons\commons-collections4\4.4\commons-collections4-4.4.jar;C:\Users\Ritesh Kumar Singh\.m2\repository\com\aventstack\extentreports\5.0.9\extentreports-5.0.9.jar;C:\Users\Ritesh Kumar Singh\.m2\repository\io\reactivex\rxjava3\rxjava\3.0.4\rxjava-3.0.4.jar;C:\Users\Ritesh Kumar Singh\.m2\repository\org\reactivestreams\reactive-streams\1.0.3\reactive-streams-1.0.3.jar;C:\Users\Ritesh Kumar Singh\.m2\repository\org\freemarker\freemarker\2.3.30\freemarker-2.3.30.jar;C:\Users\Ritesh Kumar Singh\.m2\repository\commons-io\commons-io\2.15.1\commons-io-2.15.1.jar;C:\Users\Ritesh Kumar Singh\.m2\repository\org\projectlombok\lombok\1.18.30\lombok-1.18.30.jar;C:\Users\Ritesh Kumar Singh\.m2\repository\org\apache\logging\log4j\log4j-core\2.25.1\log4j-core-2.25.1.jar;C:\Users\Ritesh Kumar Singh\.m2\repository\org\apache\logging\log4j\log4j-api\2.25.1\log4j-api-2.25.1.jar;C:\Users\Ritesh Kumar Singh\.m2\repository\com\fasterxml\jackson\core\jackson-databind\2.17.0\jackson-databind-2.17.0.jar;C:\Users\Ritesh Kumar Singh\.m2\repository\com\fasterxml\jackson\core\jackson-annotations\2.17.0\jackson-annotations-2.17.0.jar;C:\Users\Ritesh Kumar Singh\.m2\repository\com\fasterxml\jackson\core\jackson-core\2.17.0\jackson-core-2.17.0.jar;C:\Users\Ritesh Kumar Singh\.m2\repository\net\bytebuddy\byte-buddy\1.14.9\byte-buddy-1.14.9.jar;C:\Users\Ritesh Kumar Singh\.m2\repository\log4j\log4j\1.2.17\log4j-1.2.17.jar;"/>
    <property name="sun.cpu.endian" value="little"/>
    <property name="user.home" value="C:\Users\Ritesh Kumar Singh"/>
    <property name="user.language" value="en"/>
    <property name="java.specification.vendor" value="Oracle Corporation"/>
    <property name="java.version.date" value="2024-07-16"/>
    <property name="java.home" value="C:\Program Files\Java\jdk-22"/>
    <property name="file.separator" value="\"/>
    <property name="basedir" value="C:\CodeCraft Code\appiumDemoFramework"/>
    <property name="java.vm.compressedOopsMode" value="Zero based"/>
    <property name="line.separator" value="&#10;"/>
    <property name="java.vm.specification.vendor" value="Oracle Corporation"/>
    <property name="java.specification.name" value="Java Platform API Specification"/>
    <property name="surefire.real.class.path" value="C:\Users\RITESH~1\AppData\Local\Temp\surefire8945450958484388982\surefirebooter2059959629494910175.jar"/>
    <property name="user.script" value=""/>
    <property name="sun.management.compiler" value="HotSpot 64-Bit Tiered Compilers"/>
    <property name="java.runtime.version" value="22.0.2+9-70"/>
    <property name="user.name" value="Ritesh Kumar Singh"/>
    <property name="stdout.encoding" value="Cp1252"/>
    <property name="path.separator" value=";"/>
    <property name="os.version" value="10.0"/>
    <property name="java.runtime.name" value="Java(TM) SE Runtime Environment"/>
    <property name="file.encoding" value="UTF-8"/>
    <property name="java.vm.name" value="Java HotSpot(TM) 64-Bit Server VM"/>
    <property name="localRepository" value="C:\Users\Ritesh Kumar Singh\.m2\repository"/>
    <property name="java.vendor.url.bug" value="https://bugreport.java.com/bugreport/"/>
    <property name="java.io.tmpdir" value="C:\Users\RITESH~1\AppData\Local\Temp\"/>
    <property name="java.version" value="22.0.2"/>
    <property name="user.dir" value="C:\CodeCraft Code\appiumDemoFramework"/>
    <property name="os.arch" value="amd64"/>
    <property name="java.vm.specification.name" value="Java Virtual Machine Specification"/>
    <property name="sun.os.patch.level" value=""/>
    <property name="native.encoding" value="Cp1252"/>
    <property name="java.library.path" value="C:\Program Files\Java\jdk-22\bin;C:\WINDOWS\Sun\Java\bin;C:\WINDOWS\system32;C:\WINDOWS;C:\Program Files\Common Files\Oracle\Java\javapath;C:\WINDOWS\system32;C:\WINDOWS;C:\WINDOWS\System32\Wbem;C:\WINDOWS\System32\WindowsPowerShell\v1.0\;C:\WINDOWS\System32\OpenSSH\;C:\Program Files\nodejs\;C:\Users\Ritesh Kumar Singh\AppData\Local\Android\Sdk\platform-tools;C:\ProgramData\maven\apache-maven-3.9.11-bin\apache-maven-3.9.11\bin;C:\Users\Ritesh Kumar Singh\AppData\Local\Microsoft\WindowsApps;C:\Users\Ritesh Kumar Singh\AppData\Roaming\npm;C:\Users\Ritesh Kumar Singh\AppData\Local\Programs\Git\cmd;."/>
    <property name="java.vm.info" value="mixed mode, sharing"/>
    <property name="stderr.encoding" value="Cp1252"/>
    <property name="java.vendor" value="Oracle Corporation"/>
    <property name="java.vm.version" value="22.0.2+9-70"/>
    <property name="sun.io.unicode.encoding" value="UnicodeLittle"/>
    <property name="java.class.version" value="66.0"/>
  </properties>
  <testcase name="setUp" classname="Test.DialerAppTest" time="0.778">
    <failure message="&#10;Parameter &apos;deviceIndex&apos; is required by BeforeTest on method setUp but has not been marked @Optional or defined&#10;" type="org.testng.TestNGException">org.testng.TestNGException: 

Parameter 'deviceIndex' is required by BeforeTest on method setUp but has not been marked @Optional or defined

</failure>
    <system-err><![CDATA[SLF4J(W): No SLF4J providers were found.
SLF4J(W): Defaulting to no-operation (NOP) logger implementation
SLF4J(W): See https://www.slf4j.org/codes.html#noProviders for further details.
log4j:ERROR Could not parse file [src/main/resources/log4j.xml].
java.io.FileNotFoundException: C:\CodeCraft Code\appiumDemoFramework\src\main\resources\log4j.xml (The system cannot find the file specified)
	at java.base/java.io.FileInputStream.open0(Native Method)
	at java.base/java.io.FileInputStream.open(FileInputStream.java:213)
	at java.base/java.io.FileInputStream.<init>(FileInputStream.java:152)
	at java.base/java.io.FileInputStream.<init>(FileInputStream.java:106)
	at java.base/sun.net.www.protocol.file.FileURLConnection.connect(FileURLConnection.java:84)
	at java.base/sun.net.www.protocol.file.FileURLConnection.getInputStream(FileURLConnection.java:186)
	at java.xml/com.sun.org.apache.xerces.internal.impl.XMLEntityManager.setupCurrentEntity(XMLEntityManager.java:666)
	at java.xml/com.sun.org.apache.xerces.internal.impl.XMLVersionDetector.determineDocVersion(XMLVersionDetector.java:150)
	at java.xml/com.sun.org.apache.xerces.internal.parsers.XML11Configuration.parse(XML11Configuration.java:862)
	at java.xml/com.sun.org.apache.xerces.internal.parsers.XML11Configuration.parse(XML11Configuration.java:826)
	at java.xml/com.sun.org.apache.xerces.internal.parsers.XMLParser.parse(XMLParser.java:134)
	at java.xml/com.sun.org.apache.xerces.internal.parsers.DOMParser.parse(DOMParser.java:247)
	at java.xml/com.sun.org.apache.xerces.internal.jaxp.DocumentBuilderImpl.parse(DocumentBuilderImpl.java:342)
	at java.xml/javax.xml.parsers.DocumentBuilder.parse(DocumentBuilder.java:206)
	at org.apache.log4j.xml.DOMConfigurator$1.parse(DOMConfigurator.java:749)
	at org.apache.log4j.xml.DOMConfigurator.doConfigure(DOMConfigurator.java:871)
	at org.apache.log4j.xml.DOMConfigurator.doConfigure(DOMConfigurator.java:755)
	at org.apache.log4j.xml.DOMConfigurator.configure(DOMConfigurator.java:896)
	at Base.BaseTest.<clinit>(BaseTest.java:230)
	at java.base/jdk.internal.misc.Unsafe.ensureClassInitialized0(Native Method)
	at java.base/jdk.internal.misc.Unsafe.ensureClassInitialized(Unsafe.java:1160)
	at java.base/jdk.internal.reflect.MethodHandleAccessorFactory.ensureClassInitialized(MethodHandleAccessorFactory.java:340)
	at java.base/jdk.internal.reflect.MethodHandleAccessorFactory.newConstructorAccessor(MethodHandleAccessorFactory.java:103)
	at java.base/jdk.internal.reflect.ReflectionFactory.newConstructorAccessor(ReflectionFactory.java:173)
	at java.base/java.lang.reflect.Constructor.acquireConstructorAccessor(Constructor.java:549)
	at java.base/java.lang.reflect.Constructor.newInstanceWithCaller(Constructor.java:499)
	at java.base/java.lang.reflect.Constructor.newInstance(Constructor.java:486)
	at org.testng.internal.objects.InstanceCreator.newInstance(InstanceCreator.java:40)
	at org.testng.ITestObjectFactory.newInstance(ITestObjectFactory.java:18)
	at org.testng.internal.objects.SimpleObjectDispenser.instantiateUsingDefaultConstructor(SimpleObjectDispenser.java:179)
	at org.testng.internal.objects.SimpleObjectDispenser.createInstance(SimpleObjectDispenser.java:88)
	at org.testng.internal.objects.SimpleObjectDispenser.dispense(SimpleObjectDispenser.java:41)
	at org.testng.internal.objects.GuiceBasedObjectDispenser.dispenseObject(GuiceBasedObjectDispenser.java:41)
	at org.testng.internal.objects.GuiceBasedObjectDispenser.dispense(GuiceBasedObjectDispenser.java:31)
	at org.testng.internal.ClassImpl.getDefaultInstance(ClassImpl.java:107)
	at org.testng.internal.ClassImpl.getObjects(ClassImpl.java:140)
	at org.testng.internal.IObject.lambda$objects$0(IObject.java:59)
	at java.base/java.util.Optional.map(Optional.java:260)
	at org.testng.internal.IObject.objects(IObject.java:59)
	at org.testng.TestClass.getObjects(TestClass.java:150)
	at org.testng.TestClass.initTestClassesAndInstances(TestClass.java:126)
	at org.testng.TestClass.init(TestClass.java:118)
	at org.testng.TestClass.<init>(TestClass.java:83)
	at org.testng.TestRunner.initMethods(TestRunner.java:475)
	at org.testng.TestRunner.init(TestRunner.java:349)
	at org.testng.TestRunner.init(TestRunner.java:304)
	at org.testng.TestRunner.<init>(TestRunner.java:178)
	at org.testng.SuiteRunner$DefaultTestRunnerFactory.newTestRunner(SuiteRunner.java:636)
	at org.testng.SuiteRunner.<init>(SuiteRunner.java:197)
	at org.testng.TestNG.createSuiteRunner(TestNG.java:1365)
	at org.testng.TestNG.createSuiteRunners(TestNG.java:1339)
	at org.testng.TestNG.runSuitesLocally(TestNG.java:1199)
	at org.testng.TestNG.runSuites(TestNG.java:1112)
	at org.testng.TestNG.run(TestNG.java:1079)
	at org.apache.maven.surefire.testng.TestNGExecutor.run(TestNGExecutor.java:135)
	at org.apache.maven.surefire.testng.TestNGDirectoryTestSuite.executeMulti(TestNGDirectoryTestSuite.java:193)
	at org.apache.maven.surefire.testng.TestNGDirectoryTestSuite.execute(TestNGDirectoryTestSuite.java:94)
	at org.apache.maven.surefire.testng.TestNGProvider.invoke(TestNGProvider.java:146)
	at org.apache.maven.surefire.booter.ForkedBooter.invokeProviderInSameClassLoader(ForkedBooter.java:384)
	at org.apache.maven.surefire.booter.ForkedBooter.runSuitesInProcess(ForkedBooter.java:345)
	at org.apache.maven.surefire.booter.ForkedBooter.execute(ForkedBooter.java:126)
	at org.apache.maven.surefire.booter.ForkedBooter.main(ForkedBooter.java:418)
]]></system-err>
  </testcase>
  <testcase name="setUpPage" classname="Test.DialerAppTest" time="0">
    <skipped/>
  </testcase>
  <testcase name="performCall" classname="Test.DialerAppTest" time="0">
    <skipped message="&#10;Parameter &apos;deviceIndex&apos; is required by BeforeTest on method setUp but has not been marked @Optional or defined&#10;"/>
  </testcase>
  <testcase name="performDialerOperation" classname="Test.DialerAppTest" time="0">
    <skipped message="&#10;Parameter &apos;deviceIndex&apos; is required by BeforeTest on method setUp but has not been marked @Optional or defined&#10;"/>
  </testcase>
  <testcase name="setUpPage" classname="Test.WdioDemoTest" time="0">
    <skipped/>
  </testcase>
  <testcase name="dragAndDropOperationOnRobotPuzzle" classname="Test.WdioDemoTest" time="0">
    <skipped message="&#10;Parameter &apos;deviceIndex&apos; is required by BeforeTest on method setUp but has not been marked @Optional or defined&#10;"/>
  </testcase>
  <testcase name="setUpPage" classname="Test.WorkingWithApiDemoTest" time="0">
    <skipped/>
  </testcase>
  <testcase name="simpleTextareaCheckBox" classname="Test.WorkingWithApiDemoTest" time="0">
    <skipped message="&#10;Parameter &apos;deviceIndex&apos; is required by BeforeTest on method setUp but has not been marked @Optional or defined&#10;"/>
  </testcase>
  <testcase name="dropDownActionsTest" classname="Test.WorkingWithApiDemoTest" time="0">
    <skipped message="&#10;Parameter &apos;deviceIndex&apos; is required by BeforeTest on method setUp but has not been marked @Optional or defined&#10;"/>
  </testcase>
  <testcase name="scrollSwitches" classname="Test.WorkingWithApiDemoTest" time="0">
    <skipped message="&#10;Parameter &apos;deviceIndex&apos; is required by BeforeTest on method setUp but has not been marked @Optional or defined&#10;"/>
  </testcase>
  <testcase name="dragDrop" classname="Test.WorkingWithApiDemoTest" time="0">
    <skipped message="&#10;Parameter &apos;deviceIndex&apos; is required by BeforeTest on method setUp but has not been marked @Optional or defined&#10;"/>
  </testcase>
  <testcase name="interactWithHardwareKeys" classname="Test.WorkingWithApiDemoTest" time="0">
    <skipped message="&#10;Parameter &apos;deviceIndex&apos; is required by BeforeTest on method setUp but has not been marked @Optional or defined&#10;"/>
  </testcase>
  <testcase name="setUpPage" classname="Test.WorkingWithBrowserTest" time="0">
    <skipped/>
  </testcase>
  <testcase name="demoRegisterTest" classname="Test.WorkingWithBrowserTest" time="0">
    <skipped message="&#10;Parameter &apos;deviceIndex&apos; is required by BeforeTest on method setUp but has not been marked @Optional or defined&#10;"/>
  </testcase>
  <testcase name="alertsDemo" classname="Test.WorkingWithBrowserTest" time="0">
    <skipped message="&#10;Parameter &apos;deviceIndex&apos; is required by BeforeTest on method setUp but has not been marked @Optional or defined&#10;"/>
  </testcase>
  <testcase name="performBrowserAction" classname="Test.WorkingWithBrowserTest" time="0">
    <skipped message="&#10;Parameter &apos;deviceIndex&apos; is required by BeforeTest on method setUp but has not been marked @Optional or defined&#10;"/>
  </testcase>
  <testcase name="setUpPage" classname="Test.WorkingWithGeneralStoreTest" time="0">
    <skipped/>
  </testcase>
  <testcase name="basicActionOnGeneralStoreApp" classname="Test.WorkingWithGeneralStoreTest" time="0">
    <skipped message="&#10;Parameter &apos;deviceIndex&apos; is required by BeforeTest on method setUp but has not been marked @Optional or defined&#10;"/>
  </testcase>
  <testcase name="tearDown" classname="Test.DialerAppTest" time="0">
    <skipped/>
  </testcase>
</testsuite>