<?xml version="1.0" encoding="UTF-8"?>
<!-- Generated by org.testng.reporters.JUnitReportReporter -->
<testsuite hostname="CCLB140-Riteshsingh" failures="0" tests="3" name="Test.WorkingWithBrowserTest" time="0.000" errors="0" timestamp="2025-08-20T12:56:22 IST" skipped="3">
  <testcase classname="Test.WorkingWithBrowserTest" name="demoRegisterTest" time="0.000">
    <skipped/>
  </testcase> <!-- demoRegisterTest -->
  <testcase classname="Test.WorkingWithBrowserTest" name="alertsDemo" time="0.000">
    <skipped/>
  </testcase> <!-- alertsDemo -->
  <testcase classname="Test.WorkingWithBrowserTest" name="performBrowserAction" time="0.000">
    <skipped/>
  </testcase> <!-- performBrowserAction -->
</testsuite> <!-- Test.WorkingWithBrowserTest -->
