<?xml version="1.0" encoding="UTF-8"?>
<!-- Generated by org.testng.reporters.JUnitReportReporter -->
<testsuite hostname="CCLB140-Riteshsingh" failures="0" tests="5" name="Test.WorkingWithApiDemoTest" time="51.139" errors="0" timestamp="2025-09-02T10:19:53 IST" skipped="0">
  <testcase classname="Test.WorkingWithApiDemoTest" name="simpleTextareaCheckBox" time="10.796"/>
  <testcase classname="Test.WorkingWithApiDemoTest" name="dropDownActionsTest" time="6.052"/>
  <testcase classname="Test.WorkingWithApiDemoTest" name="scrollSwitches" time="13.242"/>
  <testcase classname="Test.WorkingWithApiDemoTest" name="dragDrop" time="7.945"/>
  <testcase classname="Test.WorkingWithApiDemoTest" name="interactWithHardwareKeys" time="13.104"/>
</testsuite> <!-- Test.WorkingWithApiDemoTest -->
