<?xml version="1.0" encoding="UTF-8"?>
<!-- Generated by org.testng.reporters.JUnitReportReporter -->
<testsuite hostname="CCLB140-Riteshsingh" failures="0" tests="1" name="Test.WorkingWithGeneralStoreTest" time="0.001" errors="0" timestamp="2025-08-21T11:00:52 IST" skipped="1">
  <testcase classname="Test.WorkingWithGeneralStoreTest" name="basicActionOnGeneralStoreApp" time="0.001">
    <skipped/>
  </testcase> <!-- basicActionOnGeneralStoreApp -->
</testsuite> <!-- Test.WorkingWithGeneralStoreTest -->
