<?xml version="1.0" encoding="UTF-8"?>
<!-- Generated by org.testng.reporters.JUnitReportReporter -->
<testsuite hostname="CCLB140-Riteshsingh" failures="0" tests="5" name="Test.WorkingWithApiDemoTest" time="0.000" errors="0" timestamp="2025-08-21T11:00:52 IST" skipped="5">
  <testcase classname="Test.WorkingWithApiDemoTest" name="simpleTextareaCheckBox" time="0.000">
    <skipped/>
  </testcase> <!-- simpleTextareaCheckBox -->
  <testcase classname="Test.WorkingWithApiDemoTest" name="dropDownActionsTest" time="0.000">
    <skipped/>
  </testcase> <!-- dropDownActionsTest -->
  <testcase classname="Test.WorkingWithApiDemoTest" name="scrollSwitches" time="0.000">
    <skipped/>
  </testcase> <!-- scrollSwitches -->
  <testcase classname="Test.WorkingWithApiDemoTest" name="dragDrop" time="0.000">
    <skipped/>
  </testcase> <!-- dragDrop -->
  <testcase classname="Test.WorkingWithApiDemoTest" name="interactWithHardwareKeys" time="0.000">
    <skipped/>
  </testcase> <!-- interactWithHardwareKeys -->
</testsuite> <!-- Test.WorkingWithApiDemoTest -->
