<?xml version="1.0" encoding="UTF-8"?>
<!-- Generated by org.testng.reporters.JUnitReportReporter -->
<testsuite hostname="CCLB140-Riteshsingh" failures="0" tests="1" name="Test.WdioDemoTest" time="0.000" errors="0" timestamp="2025-08-19T17:59:17 IST" skipped="1">
  <testcase classname="Test.WdioDemoTest" name="dragAndDropOperationOnRobotPuzzle" time="0.000">
    <skipped/>
  </testcase> <!-- dragAndDropOperationOnRobotPuzzle -->
</testsuite> <!-- Test.WdioDemoTest -->
